[debug] [2023-05-23T10:03:17.555Z] ----------------------------------------------------------------------
[debug] [2023-05-23T10:03:17.556Z] Command:       /usr/bin/node /home/pedro/.yarn/bin/firebase emulators:start --only functions
[debug] [2023-05-23T10:03:17.557Z] CLI Version:   10.2.2
[debug] [2023-05-23T10:03:17.557Z] Platform:      linux
[debug] [2023-05-23T10:03:17.557Z] Node Version:  v14.19.1
[debug] [2023-05-23T10:03:17.557Z] Time:          Tue May 23 2023 11:03:17 GMT+0100 (Western European Summer Time)
[debug] [2023-05-23T10:03:17.557Z] ----------------------------------------------------------------------
[debug] 
[debug] [2023-05-23T10:03:17.608Z] > command requires scopes: ["email","openid","https://www.googleapis.com/auth/cloudplatformprojects.readonly","https://www.googleapis.com/auth/firebase","https://www.googleapis.com/auth/cloud-platform"]
[debug] [2023-05-23T10:03:17.608Z] > authorizing via signed-in user (pedrogilsenarego@gmail.com)
[info] i  emulators: Starting emulators: functions {"metadata":{"emulator":{"name":"hub"},"message":"Starting emulators: functions"}}
[debug] [2023-05-23T10:03:17.626Z] [hub] writing locator at /tmp/hub-abolina-a5745.json
[warn] ⚠  functions: The following emulators are not running, calls to these services from the Functions emulator will affect production: auth, firestore, database, hosting, pubsub, storage {"metadata":{"emulator":{"name":"functions"},"message":"The following emulators are not running, calls to these services from the Functions emulator will affect production: \u001b[1mauth, firestore, database, hosting, pubsub, storage\u001b[22m"}}
[info] ✔  functions: Using node@14 from host. {"metadata":{"emulator":{"name":"functions"},"message":"Using node@14 from host."}}
[debug] [2023-05-23T10:03:17.641Z] defaultcredentials: writing to file /home/pedro/.config/firebase/pedrogilsenarego_gmail_com_application_default_credentials.json
[debug] [2023-05-23T10:03:17.643Z] Setting GAC to /home/pedro/.config/firebase/pedrogilsenarego_gmail_com_application_default_credentials.json {"metadata":{"emulator":{"name":"functions"},"message":"Setting GAC to /home/pedro/.config/firebase/pedrogilsenarego_gmail_com_application_default_credentials.json"}}
[debug] [2023-05-23T10:03:17.645Z] >>> [apiv2][query] GET https://firebase.googleapis.com/v1beta1/projects/abolina-a5745/adminSdkConfig [none]
[debug] [2023-05-23T10:03:17.948Z] <<< [apiv2][status] GET https://firebase.googleapis.com/v1beta1/projects/abolina-a5745/adminSdkConfig 200
[debug] [2023-05-23T10:03:17.949Z] <<< [apiv2][body] GET https://firebase.googleapis.com/v1beta1/projects/abolina-a5745/adminSdkConfig {"projectId":"abolina-a5745","storageBucket":"abolina-a5745.appspot.com","locationId":"europe-west"}
[debug] [2023-05-23T10:03:17.972Z] Ignoring unsupported arg: auto_download {"metadata":{"emulator":{"name":"ui"},"message":"Ignoring unsupported arg: auto_download"}}
[debug] [2023-05-23T10:03:17.972Z] Ignoring unsupported arg: port {"metadata":{"emulator":{"name":"ui"},"message":"Ignoring unsupported arg: port"}}
[debug] [2023-05-23T10:03:17.972Z] Starting Emulator UI with command {"binary":"node","args":["/home/pedro/.cache/firebase/emulators/ui-v1.6.5/server.bundle.js"],"optionalArgs":[],"joinArgs":false} {"metadata":{"emulator":{"name":"ui"},"message":"Starting Emulator UI with command {\"binary\":\"node\",\"args\":[\"/home/pedro/.cache/firebase/emulators/ui-v1.6.5/server.bundle.js\"],\"optionalArgs\":[],\"joinArgs\":false}"}}
[info] i  ui: Emulator UI logging to ui-debug.log {"metadata":{"emulator":{"name":"ui"},"message":"Emulator UI logging to \u001b[1mui-debug.log\u001b[22m"}}
[debug] [2023-05-23T10:03:18.048Z] Web / API server started at localhost:4000
 {"metadata":{"emulator":{"name":"ui"},"message":"Web / API server started at localhost:4000\n"}}
[info] i  functions: Watching "/home/pedro/Documents/BusinessConnect/abolina/functions" for Cloud Functions... {"metadata":{"emulator":{"name":"functions"},"message":"Watching \"/home/pedro/Documents/BusinessConnect/abolina/functions\" for Cloud Functions..."}}
[debug] [2023-05-23T10:03:18.236Z] Validating nodejs source
[warn] ⚠  functions: package.json indicates an outdated version of firebase-functions. Please upgrade using npm install --save firebase-functions@latest in your functions directory. 
[warn] ⚠  functions: Please note that there will be breaking changes when you upgrade. 
[debug] [2023-05-23T10:03:19.292Z] > [functions] package.json contents: {
  "name": "functions",
  "description": "Cloud Functions for Firebase",
  "scripts": {
    "serve": "firebase emulators:start --only functions",
    "shell": "firebase functions:shell",
    "start": "npm run shell",
    "deploy": "firebase deploy --only functions",
    "logs": "firebase functions:log"
  },
  "engines": {
    "node": "14"
  },
  "main": "index.js",
  "dependencies": {
    "cors": "^2.8.5",
    "express": "^4.18.2",
    "firebase-admin": "^10.0.2",
    "firebase-functions": "^3.18.0",
    "nodemailer": "^6.9.1",
    "stripe": "^12.6.0"
  },
  "devDependencies": {
    "firebase-functions-test": "^0.2.0"
  },
  "private": true
}
[debug] [2023-05-23T10:03:19.292Z] Building nodejs source
[debug] [2023-05-23T10:03:19.292Z] Analyzing nodejs backend spec
[info] ✔  functions[us-central1-api]: http function initialized (http://localhost:5001/abolina-a5745/us-central1/api). {"metadata":{"emulator":{"name":"functions"},"message":"\u001b[1mhttp\u001b[22m function initialized (http://localhost:5001/abolina-a5745/us-central1/api)."}}
[info] 
┌─────────────────────────────────────────────────────────────┐
│ ✔  All emulators ready! It is now safe to connect your app. │
│ i  View Emulator UI at http://localhost:4000                │
└─────────────────────────────────────────────────────────────┘

┌───────────┬────────────────┬─────────────────────────────────┐
│ Emulator  │ Host:Port      │ View in Emulator UI             │
├───────────┼────────────────┼─────────────────────────────────┤
│ Functions │ localhost:5001 │ http://localhost:4000/functions │
└───────────┴────────────────┴─────────────────────────────────┘
  Emulator Hub running at localhost:4400
  Other reserved ports: 4500

Issues? Report them at https://github.com/firebase/firebase-tools/issues and attach the *-debug.log files.
 
[debug] [2023-05-23T10:04:22.010Z] [work-queue] {"queueLength":1,"workRunningCount":0}
[debug] [2023-05-23T10:04:22.010Z] [work-queue] {"queueLength":0,"workRunningCount":1}
[debug] [2023-05-23T10:04:22.010Z] Accepted request POST /abolina-a5745/us-central1/api --> us-central1-api
[info] i  functions: Loaded environment variables from .env. 
[debug] [2023-05-23T10:04:22.023Z] [worker-pool] addWorker(us-central1-api) {"metadata":{"emulator":{"name":"functions"},"message":"[worker-pool] addWorker(us-central1-api)"}}
[debug] [2023-05-23T10:04:22.023Z] [worker-pool] Adding worker with key us-central1-api, total=1 {"metadata":{"emulator":{"name":"functions"},"message":"[worker-pool] Adding worker with key us-central1-api, total=1"}}
[debug] [2023-05-23T10:04:22.023Z] [worker-pool] submitWork(triggerId=us-central1-api) {"metadata":{"emulator":{"name":"functions"},"message":"[worker-pool] submitWork(triggerId=us-central1-api)"}}
[debug] [2023-05-23T10:04:22.024Z] [worker-us-central1-api-2b43330b-2070-4630-b016-5d21bc9f96ab]: Assigning socketPath: /tmp/fire_emu_16104.sock {"metadata":{"emulator":{"name":"functions"},"message":"[worker-us-central1-api-2b43330b-2070-4630-b016-5d21bc9f96ab]: Assigning socketPath: /tmp/fire_emu_16104.sock"}}
[debug] [2023-05-23T10:04:22.024Z] [worker-us-central1-api-2b43330b-2070-4630-b016-5d21bc9f96ab]: BUSY {"metadata":{"emulator":{"name":"functions"},"message":"[worker-us-central1-api-2b43330b-2070-4630-b016-5d21bc9f96ab]: BUSY"}}
[debug] [2023-05-23T10:04:22.482Z] [runtime-status] [16104] Functions runtime initialized. {"cwd":"/home/pedro/Documents/BusinessConnect/abolina/functions","node_version":"14.19.1"} {"metadata":{"emulator":{"name":"functions"},"function":{"name":"us-central1-api"},"extension":{},"message":"[runtime-status] [16104] Functions runtime initialized. {\"cwd\":\"/home/pedro/Documents/BusinessConnect/abolina/functions\",\"node_version\":\"14.19.1\"}"}}
[debug] [2023-05-23T10:04:22.483Z] [runtime-status] [16104] Disabled runtime features: undefined {"metadata":{"emulator":{"name":"functions"},"function":{"name":"us-central1-api"},"extension":{},"message":"[runtime-status] [16104] Disabled runtime features: undefined"}}
[debug] [2023-05-23T10:04:22.485Z] [runtime-status] [16104] Resolved module firebase-admin {"declared":true,"installed":true,"version":"10.3.0","resolution":"/home/pedro/Documents/BusinessConnect/abolina/functions/node_modules/firebase-admin/lib/index.js"} {"metadata":{"emulator":{"name":"functions"},"function":{"name":"us-central1-api"},"extension":{},"message":"[runtime-status] [16104] Resolved module firebase-admin {\"declared\":true,\"installed\":true,\"version\":\"10.3.0\",\"resolution\":\"/home/pedro/Documents/BusinessConnect/abolina/functions/node_modules/firebase-admin/lib/index.js\"}"}}
[debug] [2023-05-23T10:04:22.486Z] [runtime-status] [16104] Resolved module firebase-functions {"declared":true,"installed":true,"version":"3.24.1","resolution":"/home/pedro/Documents/BusinessConnect/abolina/functions/node_modules/firebase-functions/lib/index.js"} {"metadata":{"emulator":{"name":"functions"},"function":{"name":"us-central1-api"},"extension":{},"message":"[runtime-status] [16104] Resolved module firebase-functions {\"declared\":true,\"installed\":true,\"version\":\"3.24.1\",\"resolution\":\"/home/pedro/Documents/BusinessConnect/abolina/functions/node_modules/firebase-functions/lib/index.js\"}"}}
[debug] [2023-05-23T10:04:22.486Z] [runtime-status] [16104] Outgoing network have been stubbed. [{"name":"http","status":"mocked"},{"name":"http","status":"mocked"},{"name":"https","status":"mocked"},{"name":"https","status":"mocked"},{"name":"net","status":"mocked"}] {"metadata":{"emulator":{"name":"functions"},"function":{"name":"us-central1-api"},"extension":{},"message":"[runtime-status] [16104] Outgoing network have been stubbed. [{\"name\":\"http\",\"status\":\"mocked\"},{\"name\":\"http\",\"status\":\"mocked\"},{\"name\":\"https\",\"status\":\"mocked\"},{\"name\":\"https\",\"status\":\"mocked\"},{\"name\":\"net\",\"status\":\"mocked\"}]"}}
[debug] [2023-05-23T10:04:22.487Z] [runtime-status] [16104] Resolved module firebase-functions {"declared":true,"installed":true,"version":"3.24.1","resolution":"/home/pedro/Documents/BusinessConnect/abolina/functions/node_modules/firebase-functions/lib/index.js"} {"metadata":{"emulator":{"name":"functions"},"function":{"name":"us-central1-api"},"extension":{},"message":"[runtime-status] [16104] Resolved module firebase-functions {\"declared\":true,\"installed\":true,\"version\":\"3.24.1\",\"resolution\":\"/home/pedro/Documents/BusinessConnect/abolina/functions/node_modules/firebase-functions/lib/index.js\"}"}}
[debug] [2023-05-23T10:04:22.511Z] [runtime-status] [16104] Checked functions.config() {"config":{}} {"metadata":{"emulator":{"name":"functions"},"function":{"name":"us-central1-api"},"extension":{},"message":"[runtime-status] [16104] Checked functions.config() {\"config\":{}}"}}
[debug] [2023-05-23T10:04:22.511Z] [runtime-status] [16104] firebase-functions has been stubbed. {"functionsResolution":{"declared":true,"installed":true,"version":"3.24.1","resolution":"/home/pedro/Documents/BusinessConnect/abolina/functions/node_modules/firebase-functions/lib/index.js"}} {"metadata":{"emulator":{"name":"functions"},"function":{"name":"us-central1-api"},"extension":{},"message":"[runtime-status] [16104] firebase-functions has been stubbed. {\"functionsResolution\":{\"declared\":true,\"installed\":true,\"version\":\"3.24.1\",\"resolution\":\"/home/pedro/Documents/BusinessConnect/abolina/functions/node_modules/firebase-functions/lib/index.js\"}}"}}
[debug] [2023-05-23T10:04:22.511Z] [runtime-status] [16104] Resolved module firebase-functions {"declared":true,"installed":true,"version":"3.24.1","resolution":"/home/pedro/Documents/BusinessConnect/abolina/functions/node_modules/firebase-functions/lib/index.js"} {"metadata":{"emulator":{"name":"functions"},"function":{"name":"us-central1-api"},"extension":{},"message":"[runtime-status] [16104] Resolved module firebase-functions {\"declared\":true,\"installed\":true,\"version\":\"3.24.1\",\"resolution\":\"/home/pedro/Documents/BusinessConnect/abolina/functions/node_modules/firebase-functions/lib/index.js\"}"}}
[debug] [2023-05-23T10:04:22.512Z] [runtime-status] [16104] Resolved module firebase-admin {"declared":true,"installed":true,"version":"10.3.0","resolution":"/home/pedro/Documents/BusinessConnect/abolina/functions/node_modules/firebase-admin/lib/index.js"} {"metadata":{"emulator":{"name":"functions"},"function":{"name":"us-central1-api"},"extension":{},"message":"[runtime-status] [16104] Resolved module firebase-admin {\"declared\":true,\"installed\":true,\"version\":\"10.3.0\",\"resolution\":\"/home/pedro/Documents/BusinessConnect/abolina/functions/node_modules/firebase-admin/lib/index.js\"}"}}
[debug] [2023-05-23T10:04:22.512Z] [runtime-status] [16104] Resolved module firebase-functions {"declared":true,"installed":true,"version":"3.24.1","resolution":"/home/pedro/Documents/BusinessConnect/abolina/functions/node_modules/firebase-functions/lib/index.js"} {"metadata":{"emulator":{"name":"functions"},"function":{"name":"us-central1-api"},"extension":{},"message":"[runtime-status] [16104] Resolved module firebase-functions {\"declared\":true,\"installed\":true,\"version\":\"3.24.1\",\"resolution\":\"/home/pedro/Documents/BusinessConnect/abolina/functions/node_modules/firebase-functions/lib/index.js\"}"}}
[debug] [2023-05-23T10:04:22.512Z] [runtime-status] [16104] firebase-admin has been stubbed. {"adminResolution":{"declared":true,"installed":true,"version":"10.3.0","resolution":"/home/pedro/Documents/BusinessConnect/abolina/functions/node_modules/firebase-admin/lib/index.js"}} {"metadata":{"emulator":{"name":"functions"},"function":{"name":"us-central1-api"},"extension":{},"message":"[runtime-status] [16104] firebase-admin has been stubbed. {\"adminResolution\":{\"declared\":true,\"installed\":true,\"version\":\"10.3.0\",\"resolution\":\"/home/pedro/Documents/BusinessConnect/abolina/functions/node_modules/firebase-admin/lib/index.js\"}}"}}
[warn] ⚠  It looks like you're trying to access functions.config().firebase but there is no value there. You can learn more about setting up config here: https://firebase.google.com/docs/functions/local-emulator {"metadata":{"emulator":{"name":"functions"},"function":{"name":"us-central1-api"},"extension":{},"message":"It looks like you're trying to access functions.config().firebase but there is no value there. You can learn more about setting up config here: https://firebase.google.com/docs/functions/local-emulator"}}
[debug] [2023-05-23T10:04:22.596Z] [runtime-status] [16104] initializeApp(DEFAULT) {"storageBucket":"abolina-a5745.appspot.com","projectId":"abolina-a5745"} {"metadata":{"emulator":{"name":"functions"},"function":{"name":"us-central1-api"},"extension":{},"message":"[runtime-status] [16104] initializeApp(DEFAULT) {\"storageBucket\":\"abolina-a5745.appspot.com\",\"projectId\":\"abolina-a5745\"}"}}
[debug] [2023-05-23T10:04:22.597Z] [runtime-status] [16104] Beginning invocation function api! {"metadata":{"emulator":{"name":"functions"},"function":{"name":"us-central1-api"},"extension":{},"message":"[runtime-status] [16104] Beginning invocation function api!"}}
[info] i  functions: Beginning execution of "api" {"metadata":{"emulator":{"name":"functions"},"function":{"name":"us-central1-api"},"extension":{},"message":"Beginning execution of \"api\""}}
[debug] [2023-05-23T10:04:22.598Z] [runtime-status] [16104] Running api in signature http {"metadata":{"emulator":{"name":"functions"},"function":{"name":"us-central1-api"},"extension":{},"message":"[runtime-status] [16104] Running api in signature http"}}
[debug] [2023-05-23T10:04:22.601Z] [runtime-status] [16104] Attempting to listen to socketPath: /tmp/fire_emu_16104.sock {"metadata":{"emulator":{"name":"functions"},"function":{"name":"us-central1-api"},"extension":{},"message":"[runtime-status] [16104] Attempting to listen to socketPath: /tmp/fire_emu_16104.sock"}}
[debug] [2023-05-23T10:04:22.604Z] [functions] Runtime ready! Sending request! {"metadata":{"emulator":{"name":"functions"},"message":"[functions] Runtime ready! Sending request!"}}
[debug] [2023-05-23T10:04:22.605Z] [functions] Got req.url=/abolina-a5745/us-central1/api, mapping to path=/ {"metadata":{"emulator":{"name":"functions"},"message":"[functions] Got req.url=/abolina-a5745/us-central1/api, mapping to path=/"}}
[debug] [2023-05-23T10:04:22.614Z] [runtime-status] [16104] Ephemeral server handling POST request {"metadata":{"emulator":{"name":"functions"},"function":{"name":"us-central1-api"},"extension":{},"message":"[runtime-status] [16104] Ephemeral server handling POST request"}}
[debug] [2023-05-23T10:04:22.618Z] [runtime-status] [16104] Ephemeral server survived. {"metadata":{"emulator":{"name":"functions"},"function":{"name":"us-central1-api"},"extension":{},"message":"[runtime-status] [16104] Ephemeral server survived."}}
[info] i  functions: Finished "api" in ~1s {"metadata":{"emulator":{"name":"functions"},"function":{"name":"us-central1-api"},"extension":{},"message":"Finished \"api\" in ~1s"}}
[debug] [2023-05-23T10:04:22.619Z] [worker-us-central1-api-2b43330b-2070-4630-b016-5d21bc9f96ab]: IDLE {"metadata":{"emulator":{"name":"functions"},"message":"[worker-us-central1-api-2b43330b-2070-4630-b016-5d21bc9f96ab]: IDLE"}}
[debug] [2023-05-23T10:04:22.620Z] [work-queue] {"queueLength":0,"workRunningCount":0}
[debug] [2023-05-23T10:07:25.483Z] [work-queue] {"queueLength":1,"workRunningCount":0}
[debug] [2023-05-23T10:07:25.483Z] [work-queue] {"queueLength":0,"workRunningCount":1}
[debug] [2023-05-23T10:07:25.483Z] Accepted request POST /abolina-a5745/us-central1/api/payments/creditCard --> us-central1-api
[debug] [2023-05-23T10:07:25.483Z] [worker-pool] submitWork(triggerId=us-central1-api) {"metadata":{"emulator":{"name":"functions"},"message":"[worker-pool] submitWork(triggerId=us-central1-api)"}}
[debug] [2023-05-23T10:07:25.483Z] [worker-us-central1-api-2b43330b-2070-4630-b016-5d21bc9f96ab]: Assigning socketPath: /tmp/fire_emu_16104.sock {"metadata":{"emulator":{"name":"functions"},"message":"[worker-us-central1-api-2b43330b-2070-4630-b016-5d21bc9f96ab]: Assigning socketPath: /tmp/fire_emu_16104.sock"}}
[debug] [2023-05-23T10:07:25.483Z] [worker-us-central1-api-2b43330b-2070-4630-b016-5d21bc9f96ab]: BUSY {"metadata":{"emulator":{"name":"functions"},"message":"[worker-us-central1-api-2b43330b-2070-4630-b016-5d21bc9f96ab]: BUSY"}}
[debug] [2023-05-23T10:07:25.484Z] [runtime-status] [16104] Beginning invocation function api! {"metadata":{"emulator":{"name":"functions"},"function":{"name":"us-central1-api"},"extension":{},"message":"[runtime-status] [16104] Beginning invocation function api!"}}
[info] i  functions: Beginning execution of "api" {"metadata":{"emulator":{"name":"functions"},"function":{"name":"us-central1-api"},"extension":{},"message":"Beginning execution of \"api\""}}
[debug] [2023-05-23T10:07:25.485Z] [runtime-status] [16104] Running api in signature http {"metadata":{"emulator":{"name":"functions"},"function":{"name":"us-central1-api"},"extension":{},"message":"[runtime-status] [16104] Running api in signature http"}}
[debug] [2023-05-23T10:07:25.485Z] [runtime-status] [16104] Attempting to listen to socketPath: /tmp/fire_emu_16104.sock {"metadata":{"emulator":{"name":"functions"},"function":{"name":"us-central1-api"},"extension":{},"message":"[runtime-status] [16104] Attempting to listen to socketPath: /tmp/fire_emu_16104.sock"}}
[debug] [2023-05-23T10:07:25.497Z] [functions] Runtime ready! Sending request! {"metadata":{"emulator":{"name":"functions"},"message":"[functions] Runtime ready! Sending request!"}}
[debug] [2023-05-23T10:07:25.497Z] [functions] Got req.url=/abolina-a5745/us-central1/api/payments/creditCard, mapping to path=/payments/creditCard {"metadata":{"emulator":{"name":"functions"},"message":"[functions] Got req.url=/abolina-a5745/us-central1/api/payments/creditCard, mapping to path=/payments/creditCard"}}
[debug] [2023-05-23T10:07:25.501Z] [runtime-status] [16104] Ephemeral server handling POST request {"metadata":{"emulator":{"name":"functions"},"function":{"name":"us-central1-api"},"extension":{},"message":"[runtime-status] [16104] Ephemeral server handling POST request"}}
[debug] [2023-05-23T10:07:25.512Z] [runtime-status] [16104] Ephemeral server survived. {"metadata":{"emulator":{"name":"functions"},"function":{"name":"us-central1-api"},"extension":{},"message":"[runtime-status] [16104] Ephemeral server survived."}}
[info] i  functions: Finished "api" in ~1s {"metadata":{"emulator":{"name":"functions"},"function":{"name":"us-central1-api"},"extension":{},"message":"Finished \"api\" in ~1s"}}
[debug] [2023-05-23T10:07:26.536Z] [worker-us-central1-api-2b43330b-2070-4630-b016-5d21bc9f96ab]: IDLE {"metadata":{"emulator":{"name":"functions"},"message":"[worker-us-central1-api-2b43330b-2070-4630-b016-5d21bc9f96ab]: IDLE"}}
[debug] [2023-05-23T10:07:26.536Z] [work-queue] {"queueLength":0,"workRunningCount":0}
[debug] [2023-05-23T10:19:09.138Z] File /home/pedro/Documents/BusinessConnect/abolina/functions/index.js changed, reloading triggers {"metadata":{"emulator":{"name":"functions"},"message":"File /home/pedro/Documents/BusinessConnect/abolina/functions/index.js changed, reloading triggers"}}
[debug] [2023-05-23T10:19:10.139Z] [worker-pool] Shutting down IDLE worker (us-central1-api) {"metadata":{"emulator":{"name":"functions"},"message":"[worker-pool] Shutting down IDLE worker (us-central1-api)"}}
[debug] [2023-05-23T10:19:10.139Z] [worker-us-central1-api-2b43330b-2070-4630-b016-5d21bc9f96ab]: FINISHING {"metadata":{"emulator":{"name":"functions"},"message":"[worker-us-central1-api-2b43330b-2070-4630-b016-5d21bc9f96ab]: FINISHING"}}
[debug] [2023-05-23T10:19:10.142Z] Validating nodejs source
[warn] ⚠  functions: package.json indicates an outdated version of firebase-functions. Please upgrade using npm install --save firebase-functions@latest in your functions directory. 
[warn] ⚠  functions: Please note that there will be breaking changes when you upgrade. 
[debug] [2023-05-23T10:19:11.174Z] > [functions] package.json contents: {
  "name": "functions",
  "description": "Cloud Functions for Firebase",
  "scripts": {
    "serve": "firebase emulators:start --only functions",
    "shell": "firebase functions:shell",
    "start": "npm run shell",
    "deploy": "firebase deploy --only functions",
    "logs": "firebase functions:log"
  },
  "engines": {
    "node": "14"
  },
  "main": "index.js",
  "dependencies": {
    "cors": "^2.8.5",
    "express": "^4.18.2",
    "firebase-admin": "^10.0.2",
    "firebase-functions": "^3.18.0",
    "nodemailer": "^6.9.1",
    "stripe": "^12.6.0"
  },
  "devDependencies": {
    "firebase-functions-test": "^0.2.0"
  },
  "private": true
}
[debug] [2023-05-23T10:19:11.175Z] Building nodejs source
[debug] [2023-05-23T10:19:11.175Z] Analyzing nodejs backend spec
[debug] [2023-05-23T10:19:11.180Z] [worker-us-central1-api-2b43330b-2070-4630-b016-5d21bc9f96ab]: exited {"metadata":{"emulator":{"name":"functions"},"message":"[worker-us-central1-api-2b43330b-2070-4630-b016-5d21bc9f96ab]: exited"}}
[debug] [2023-05-23T10:19:11.180Z] [worker-us-central1-api-2b43330b-2070-4630-b016-5d21bc9f96ab]: FINISHED {"metadata":{"emulator":{"name":"functions"},"message":"[worker-us-central1-api-2b43330b-2070-4630-b016-5d21bc9f96ab]: FINISHED"}}
